<?xml version="1.0" encoding="UTF-8"?>
<!-- Generated by org.testng.reporters.JUnitXMLReporter -->
<testsuite ignored="0" hostname="DESKTOP-RUFNOHN" failures="0" tests="3" name="Default test" time="92.685" errors="0" timestamp="2023-09-01T09:43:08 IST">
  <testcase classname="SnapDoc.snap.ResubmissionTest" name="loginsnapdoc2" time="6.575"/>
  <testcase classname="SnapDoc.snap.ResubmissionTest" name="Analytical" time="5.324"/>
  <testcase classname="SnapDoc.snap.ResubmissionTest" name="initiate" time="80.754"/>
</testsuite> <!-- Default test -->
