<?xml version="1.0" encoding="UTF-8"?>
<testng-results ignored="0" total="2" passed="2" failed="0" skipped="0">
  <reporter-output>
  </reporter-output>
  <suite started-at="2023-05-12T13:11:58 IST" name="Default suite" finished-at="2023-05-12T13:12:11 IST" duration-ms="12542">
    <groups>
    </groups>
    <test started-at="2023-05-12T13:11:58 IST" name="Default test" finished-at="2023-05-12T13:12:11 IST" duration-ms="12542">
      <class name="SnapDoc.snap.Logintest">
        <test-method is-config="true" signature="Setup()[pri:0, instance:SnapDoc.snap.Logintest@5f049ea1]" started-at="2023-05-12T13:11:51 IST" name="Setup" finished-at="2023-05-12T13:11:58 IST" duration-ms="7099" status="PASS">
          <reporter-output>
          </reporter-output>
        </test-method> <!-- Setup -->
        <test-method signature="Logins()[pri:0, instance:SnapDoc.snap.Logintest@5f049ea1]" started-at="2023-05-12T13:11:58 IST" name="Logins" finished-at="2023-05-12T13:11:59 IST" duration-ms="435" status="PASS">
          <reporter-output>
          </reporter-output>
        </test-method> <!-- Logins -->
        <test-method signature="loginsnapdoc2()[pri:0, instance:SnapDoc.snap.Logintest@5f049ea1]" started-at="2023-05-12T13:11:59 IST" name="loginsnapdoc2" finished-at="2023-05-12T13:12:11 IST" duration-ms="11660" status="PASS">
          <reporter-output>
          </reporter-output>
        </test-method> <!-- loginsnapdoc2 -->
        <test-method is-config="true" signature="exreports()[pri:0, instance:SnapDoc.snap.Logintest@5f049ea1]" started-at="2023-05-12T13:12:11 IST" name="exreports" finished-at="2023-05-12T13:12:11 IST" duration-ms="424" status="PASS">
          <reporter-output>
          </reporter-output>
        </test-method> <!-- exreports -->
      </class> <!-- SnapDoc.snap.Logintest -->
    </test> <!-- Default test -->
  </suite> <!-- Default suite -->
</testng-results>
