<?xml version="1.0" encoding="UTF-8"?>
<testng-results ignored="0" total="3" passed="3" failed="0" skipped="0">
  <reporter-output>
  </reporter-output>
  <suite started-at="2023-09-01T09:41:35 IST" name="Default suite" finished-at="2023-09-01T09:43:08 IST" duration-ms="92685">
    <groups>
    </groups>
    <test started-at="2023-09-01T09:41:35 IST" name="Default test" finished-at="2023-09-01T09:43:08 IST" duration-ms="92685">
      <class name="SnapDoc.snap.ResubmissionTest">
        <test-method is-config="true" signature="Setup()[pri:0, instance:SnapDoc.snap.ResubmissionTest@776a6d9b]" started-at="2023-09-01T09:41:32 IST" name="Setup" finished-at="2023-09-01T09:41:35 IST" duration-ms="3279" status="PASS">
          <reporter-output>
          </reporter-output>
        </test-method> <!-- Setup -->
        <test-method signature="loginsnapdoc2()[pri:1, instance:SnapDoc.snap.ResubmissionTest@776a6d9b]" started-at="2023-09-01T09:41:35 IST" name="loginsnapdoc2" finished-at="2023-09-01T09:41:42 IST" duration-ms="6575" status="PASS">
          <reporter-output>
          </reporter-output>
        </test-method> <!-- loginsnapdoc2 -->
        <test-method signature="Analytical()[pri:4, instance:SnapDoc.snap.ResubmissionTest@776a6d9b]" started-at="2023-09-01T09:41:42 IST" name="Analytical" finished-at="2023-09-01T09:41:47 IST" duration-ms="5324" status="PASS">
          <reporter-output>
          </reporter-output>
        </test-method> <!-- Analytical -->
        <test-method signature="initiate()[pri:5, instance:SnapDoc.snap.ResubmissionTest@776a6d9b]" started-at="2023-09-01T09:41:47 IST" name="initiate" finished-at="2023-09-01T09:43:08 IST" duration-ms="80754" status="PASS">
          <reporter-output>
          </reporter-output>
        </test-method> <!-- initiate -->
      </class> <!-- SnapDoc.snap.ResubmissionTest -->
    </test> <!-- Default test -->
  </suite> <!-- Default suite -->
</testng-results>
